# JRE version: OpenJDK Runtime Environment Temurin-17.0.3+7 (17.0.3+7) (build 17.0.3+7)
# Java VM: OpenJDK 64-Bit Server VM Temurin-17.0.3+7 (17.0.3+7, mixed mode, tiered, compressed oops, compressed class ptrs, g1 gc, windows-amd64)
GC Precious Log:
 CPUs: 8 total, 8 available
 Memory: 16039M
 Large Page Support: Disabled
 NUMA Support: Disabled
 Compressed Oops: Enabled (Zero based)
 Heap Region Size: 2M
 Heap Min Capacity: 8M
 Heap Initial Capacity: 252M
 Heap Max Capacity: 4010M
 Pre-touch: Disabled
 Parallel Workers: 8
 Concurrent Workers: 2
 Concurrent Refinement Workers: 8
 Periodic GC: Disabled
Heap:
 garbage-first heap   total 75776K, used 39999K [0x0000000705600000, 0x0000000800000000)
  region size 2048K, 9 young (18432K), 1 survivors (2048K)
 Metaspace       used 49899K, committed 50176K, reserved 1097728K
  class space    used 5507K, committed 5632K, reserved 1048576K
GC Heap History (20 events):
Event: 1.926 GC heap before
{Heap before GC invocations=1 (full 0):
 garbage-first heap   total 258048K, used 36264K [0x0000000705600000, 0x0000000800000000)
  region size 2048K, 12 young (24576K), 2 survivors (4096K)
 Metaspace       used 20210K, committed 20416K, reserved 1073152K
  class space    used 2124K, committed 2240K, reserved 1048576K
}
Event: 1.929 GC heap after
{Heap after GC invocations=2 (full 0):
 garbage-first heap   total 258048K, used 18095K [0x0000000705600000, 0x0000000800000000)
  region size 2048K, 2 young (4096K), 2 survivors (4096K)
 Metaspace       used 20210K, committed 20416K, reserved 1073152K
  class space    used 2124K, committed 2240K, reserved 1048576K
}
Event: 2.183 GC heap before
{Heap before GC invocations=2 (full 0):
 garbage-first heap   total 258048K, used 22191K [0x0000000705600000, 0x0000000800000000)
  region size 2048K, 5 young (10240K), 2 survivors (4096K)
 Metaspace       used 21315K, committed 21504K, reserved 1073152K
  class space    used 2239K, committed 2368K, reserved 1048576K
}
Event: 2.189 GC heap after
{Heap after GC invocations=3 (full 0):
 garbage-first heap   total 258048K, used 18501K [0x0000000705600000, 0x0000000800000000)
  region size 2048K, 2 young (4096K), 2 survivors (4096K)
 Metaspace       used 21315K, committed 21504K, reserved 1073152K
  class space    used 2239K, committed 2368K, reserved 1048576K
}
Event: 9.501 GC heap before
{Heap before GC invocations=4 (full 0):
 garbage-first heap   total 75776K, used 51269K [0x0000000705600000, 0x0000000800000000)
  region size 2048K, 19 young (38912K), 2 survivors (4096K)
 Metaspace       used 31533K, committed 31808K, reserved 1081344K
  class space    used 3288K, committed 3392K, reserved 1048576K
}
Event: 9.505 GC heap after
{Heap after GC invocations=5 (full 0):
 garbage-first heap   total 75776K, used 21324K [0x0000000705600000, 0x0000000800000000)
  region size 2048K, 3 young (6144K), 3 survivors (6144K)
 Metaspace       used 31533K, committed 31808K, reserved 1081344K
  class space    used 3288K, committed 3392K, reserved 1048576K
}
Event: 9.795 GC heap before
{Heap before GC invocations=5 (full 0):
 garbage-first heap   total 75776K, used 23372K [0x0000000705600000, 0x0000000800000000)
  region size 2048K, 4 young (8192K), 3 survivors (6144K)
 Metaspace       used 33245K, committed 33536K, reserved 1081344K
  class space    used 3503K, committed 3648K, reserved 1048576K
}
Event: 9.800 GC heap after
{Heap after GC invocations=6 (full 0):
 garbage-first heap   total 75776K, used 22113K [0x0000000705600000, 0x0000000800000000)
  region size 2048K, 1 young (2048K), 1 survivors (2048K)
 Metaspace       used 33245K, committed 33536K, reserved 1081344K
  class space    used 3503K, committed 3648K, reserved 1048576K
}
Event: 10.872 GC heap before
{Heap before GC invocations=6 (full 0):
 garbage-first heap   total 75776K, used 32353K [0x0000000705600000, 0x0000000800000000)
  region size 2048K, 7 young (14336K), 1 survivors (2048K)
 Metaspace       used 35771K, committed 35968K, reserved 1089536K
  class space    used 3877K, committed 3968K, reserved 1048576K
}
Event: 10.874 GC heap after
{Heap after GC invocations=7 (full 0):
 garbage-first heap   total 75776K, used 22133K [0x0000000705600000, 0x0000000800000000)
  region size 2048K, 1 young (2048K), 1 survivors (2048K)
 Metaspace       used 35771K, committed 35968K, reserved 1089536K
  class space    used 3877K, committed 3968K, reserved 1048576K
}
Event: 26.447 GC heap before
{Heap before GC invocations=8 (full 0):
 garbage-first heap   total 75776K, used 48757K [0x0000000705600000, 0x0000000800000000)
  region size 2048K, 15 young (30720K), 1 survivors (2048K)
 Metaspace       used 42773K, committed 43008K, reserved 1089536K
  class space    used 4812K, committed 4928K, reserved 1048576K
}
Event: 26.451 GC heap after
{Heap after GC invocations=9 (full 0):
 garbage-first heap   total 75776K, used 24705K [0x0000000705600000, 0x0000000800000000)
  region size 2048K, 2 young (4096K), 2 survivors (4096K)
 Metaspace       used 42773K, committed 43008K, reserved 1089536K
  class space    used 4812K, committed 4928K, reserved 1048576K
}
Event: 45.781 GC heap before
{Heap before GC invocations=9 (full 0):
 garbage-first heap   total 75776K, used 51329K [0x0000000705600000, 0x0000000800000000)
  region size 2048K, 15 young (30720K), 2 survivors (4096K)
 Metaspace       used 46047K, committed 46336K, reserved 1097728K
  class space    used 5137K, committed 5248K, reserved 1048576K
}
Event: 45.784 GC heap after
{Heap after GC invocations=10 (full 0):
 garbage-first heap   total 75776K, used 25835K [0x0000000705600000, 0x0000000800000000)
  region size 2048K, 1 young (2048K), 1 survivors (2048K)
 Metaspace       used 46047K, committed 46336K, reserved 1097728K
  class space    used 5137K, committed 5248K, reserved 1048576K
}
Event: 67.602 GC heap before
{Heap before GC invocations=10 (full 0):
 garbage-first heap   total 75776K, used 54507K [0x0000000705600000, 0x0000000800000000)
  region size 2048K, 15 young (30720K), 1 survivors (2048K)
 Metaspace       used 46892K, committed 47168K, reserved 1097728K
  class space    used 5173K, committed 5312K, reserved 1048576K
}
Event: 67.604 GC heap after
{Heap after GC invocations=11 (full 0):
 garbage-first heap   total 75776K, used 25837K [0x0000000705600000, 0x0000000800000000)
  region size 2048K, 1 young (2048K), 1 survivors (2048K)
 Metaspace       used 46892K, committed 47168K, reserved 1097728K
  class space    used 5173K, committed 5312K, reserved 1048576K
}
Event: 93.401 GC heap before
{Heap before GC invocations=11 (full 0):
 garbage-first heap   total 75776K, used 56557K [0x0000000705600000, 0x0000000800000000)
  region size 2048K, 16 young (32768K), 1 survivors (2048K)
 Metaspace       used 47274K, committed 47552K, reserved 1097728K
  class space    used 5177K, committed 5312K, reserved 1048576K
}
Event: 93.404 GC heap after
{Heap after GC invocations=12 (full 0):
 garbage-first heap   total 75776K, used 25773K [0x0000000705600000, 0x0000000800000000)
  region size 2048K, 1 young (2048K), 1 survivors (2048K)
 Metaspace       used 47274K, committed 47552K, reserved 1097728K
  class space    used 5177K, committed 5312K, reserved 1048576K
}
Event: 106.136 GC heap before
{Heap before GC invocations=12 (full 0):
 garbage-first heap   total 75776K, used 58541K [0x0000000705600000, 0x0000000800000000)
  region size 2048K, 17 young (34816K), 1 survivors (2048K)
 Metaspace       used 47530K, committed 47872K, reserved 1097728K
  class space    used 5180K, committed 5376K, reserved 1048576K
}
Event: 106.139 GC heap after
{Heap after GC invocations=13 (full 0):
 garbage-first heap   total 75776K, used 25663K [0x0000000705600000, 0x0000000800000000)
  region size 2048K, 1 young (2048K), 1 survivors (2048K)
 Metaspace       used 47530K, committed 47872K, reserved 1097728K
  class space    used 5180K, committed 5376K, reserved 1048576K
}

