# JRE version: OpenJDK Runtime Environment Temurin-17.0.3+7 (17.0.3+7) (build 17.0.3+7)
# Java VM: OpenJDK 64-Bit Server VM Temurin-17.0.3+7 (17.0.3+7, mixed mode, tiered, compressed oops, compressed class ptrs, g1 gc, windows-amd64)
GC Precious Log:
 CPUs: 8 total, 8 available
 Memory: 16039M
 Large Page Support: Disabled
 NUMA Support: Disabled
 Compressed Oops: Enabled (Zero based)
 Heap Region Size: 2M
 Heap Min Capacity: 8M
 Heap Initial Capacity: 252M
 Heap Max Capacity: 4010M
 Pre-touch: Disabled
 Parallel Workers: 8
 Concurrent Workers: 2
 Concurrent Refinement Workers: 8
 Periodic GC: Disabled
Heap:
 garbage-first heap   total 305152K, used 178168K [0x0000000705600000, 0x0000000800000000)
  region size 2048K, 20 young (40960K), 5 survivors (10240K)
 Metaspace       used 66753K, committed 67072K, reserved 1114112K
  class space    used 7039K, committed 7232K, reserved 1048576K
GC Heap History (20 events):
Event: 83.707 GC heap before
{Heap before GC invocations=13 (full 0):
 garbage-first heap   total 75776K, used 56720K [0x0000000705600000, 0x0000000800000000)
  region size 2048K, 17 young (34816K), 1 survivors (2048K)
 Metaspace       used 54636K, committed 54912K, reserved 1097728K
  class space    used 5749K, committed 5888K, reserved 1048576K
}
Event: 83.709 GC heap after
{Heap after GC invocations=14 (full 0):
 garbage-first heap   total 75776K, used 27019K [0x0000000705600000, 0x0000000800000000)
  region size 2048K, 2 young (4096K), 2 survivors (4096K)
 Metaspace       used 54636K, committed 54912K, reserved 1097728K
  class space    used 5749K, committed 5888K, reserved 1048576K
}
Event: 83.874 GC heap before
{Heap before GC invocations=14 (full 0):
 garbage-first heap   total 75776K, used 57739K [0x0000000705600000, 0x0000000800000000)
  region size 2048K, 17 young (34816K), 2 survivors (4096K)
 Metaspace       used 55724K, committed 56000K, reserved 1105920K
  class space    used 5839K, committed 5952K, reserved 1048576K
}
Event: 83.881 GC heap after
{Heap after GC invocations=15 (full 0):
 garbage-first heap   total 75776K, used 37576K [0x0000000705600000, 0x0000000800000000)
  region size 2048K, 3 young (6144K), 3 survivors (6144K)
 Metaspace       used 55724K, committed 56000K, reserved 1105920K
  class space    used 5839K, committed 5952K, reserved 1048576K
}
Event: 83.914 GC heap before
{Heap before GC invocations=15 (full 0):
 garbage-first heap   total 75776K, used 51912K [0x0000000705600000, 0x0000000800000000)
  region size 2048K, 11 young (22528K), 3 survivors (6144K)
 Metaspace       used 55724K, committed 56000K, reserved 1105920K
  class space    used 5839K, committed 5952K, reserved 1048576K
}
Event: 83.918 GC heap after
{Heap after GC invocations=16 (full 0):
 garbage-first heap   total 75776K, used 41541K [0x0000000705600000, 0x0000000800000000)
  region size 2048K, 2 young (4096K), 2 survivors (4096K)
 Metaspace       used 55724K, committed 56000K, reserved 1105920K
  class space    used 5839K, committed 5952K, reserved 1048576K
}
Event: 83.945 GC heap before
{Heap before GC invocations=16 (full 0):
 garbage-first heap   total 75776K, used 55877K [0x0000000705600000, 0x0000000800000000)
  region size 2048K, 9 young (18432K), 2 survivors (4096K)
 Metaspace       used 55740K, committed 56064K, reserved 1105920K
  class space    used 5839K, committed 5952K, reserved 1048576K
}
Event: 83.948 GC heap after
{Heap after GC invocations=17 (full 0):
 garbage-first heap   total 75776K, used 44835K [0x0000000705600000, 0x0000000800000000)
  region size 2048K, 2 young (4096K), 2 survivors (4096K)
 Metaspace       used 55740K, committed 56064K, reserved 1105920K
  class space    used 5839K, committed 5952K, reserved 1048576K
}
Event: 83.995 GC heap before
{Heap before GC invocations=18 (full 0):
 garbage-first heap   total 96256K, used 57123K [0x0000000705600000, 0x0000000800000000)
  region size 2048K, 7 young (14336K), 2 survivors (4096K)
 Metaspace       used 55739K, committed 56064K, reserved 1105920K
  class space    used 5838K, committed 5952K, reserved 1048576K
}
Event: 83.997 GC heap after
{Heap after GC invocations=19 (full 0):
 garbage-first heap   total 96256K, used 49303K [0x0000000705600000, 0x0000000800000000)
  region size 2048K, 1 young (2048K), 1 survivors (2048K)
 Metaspace       used 55739K, committed 56064K, reserved 1105920K
  class space    used 5838K, committed 5952K, reserved 1048576K
}
Event: 84.033 GC heap before
{Heap before GC invocations=19 (full 0):
 garbage-first heap   total 96256K, used 69783K [0x0000000705600000, 0x0000000800000000)
  region size 2048K, 11 young (22528K), 1 survivors (2048K)
 Metaspace       used 55739K, committed 56064K, reserved 1105920K
  class space    used 5838K, committed 5952K, reserved 1048576K
}
Event: 84.038 GC heap after
{Heap after GC invocations=20 (full 0):
 garbage-first heap   total 96256K, used 60234K [0x0000000705600000, 0x0000000800000000)
  region size 2048K, 2 young (4096K), 2 survivors (4096K)
 Metaspace       used 55739K, committed 56064K, reserved 1105920K
  class space    used 5838K, committed 5952K, reserved 1048576K
}
Event: 84.060 GC heap before
{Heap before GC invocations=20 (full 0):
 garbage-first heap   total 96256K, used 70474K [0x0000000705600000, 0x0000000800000000)
  region size 2048K, 7 young (14336K), 2 survivors (4096K)
 Metaspace       used 55739K, committed 56064K, reserved 1105920K
  class space    used 5838K, committed 5952K, reserved 1048576K
}
Event: 84.064 GC heap after
{Heap after GC invocations=21 (full 0):
 garbage-first heap   total 96256K, used 66424K [0x0000000705600000, 0x0000000800000000)
  region size 2048K, 1 young (2048K), 1 survivors (2048K)
 Metaspace       used 55739K, committed 56064K, reserved 1105920K
  class space    used 5838K, committed 5952K, reserved 1048576K
}
Event: 84.076 GC heap before
{Heap before GC invocations=21 (full 0):
 garbage-first heap   total 116736K, used 72568K [0x0000000705600000, 0x0000000800000000)
  region size 2048K, 4 young (8192K), 1 survivors (2048K)
 Metaspace       used 55739K, committed 56064K, reserved 1105920K
  class space    used 5838K, committed 5952K, reserved 1048576K
}
Event: 84.080 GC heap after
{Heap after GC invocations=22 (full 0):
 garbage-first heap   total 305152K, used 71678K [0x0000000705600000, 0x0000000800000000)
  region size 2048K, 1 young (2048K), 1 survivors (2048K)
 Metaspace       used 55739K, committed 56064K, reserved 1105920K
  class space    used 5838K, committed 5952K, reserved 1048576K
}
Event: 84.325 GC heap before
{Heap before GC invocations=23 (full 0):
 garbage-first heap   total 305152K, used 190462K [0x0000000705600000, 0x0000000800000000)
  region size 2048K, 58 young (118784K), 1 survivors (2048K)
 Metaspace       used 55749K, committed 56064K, reserved 1105920K
  class space    used 5838K, committed 5952K, reserved 1048576K
}
Event: 84.361 GC heap after
{Heap after GC invocations=24 (full 0):
 garbage-first heap   total 305152K, used 139214K [0x0000000705600000, 0x0000000800000000)
  region size 2048K, 8 young (16384K), 8 survivors (16384K)
 Metaspace       used 55749K, committed 56064K, reserved 1105920K
  class space    used 5838K, committed 5952K, reserved 1048576K
}
Event: 85.374 GC heap before
{Heap before GC invocations=24 (full 0):
 garbage-first heap   total 305152K, used 192462K [0x0000000705600000, 0x0000000800000000)
  region size 2048K, 34 young (69632K), 8 survivors (16384K)
 Metaspace       used 66589K, committed 66880K, reserved 1114112K
  class space    used 7033K, committed 7168K, reserved 1048576K
}
Event: 85.385 GC heap after
{Heap after GC invocations=25 (full 0):
 garbage-first heap   total 305152K, used 149496K [0x0000000705600000, 0x0000000800000000)
  region size 2048K, 5 young (10240K), 5 survivors (10240K)
 Metaspace       used 66589K, committed 66880K, reserved 1114112K
  class space    used 7033K, committed 7168K, reserved 1048576K
}

