<?xml version="1.0" encoding="UTF-8"?>
<testng-results total="1" passed="1" failed="0" skipped="0">
  <reporter-output>
  </reporter-output>
  <suite started-at="2023-12-28T12:57:23Z" name="HIPI" finished-at="2023-12-28T13:00:53Z" duration-ms="209723">
    <groups>
    </groups>
    <test started-at="2023-12-28T12:57:23Z" name="AndroidHiPiNeo" finished-at="2023-12-28T13:00:53Z" duration-ms="209723">
      <class name="com.zee5.Android_HipiScripts.AndroidHiPiNeoP0">
        <test-method is-config="true" signature="AppLaunch()[pri:0, instance:com.zee5.Android_HipiScripts.AndroidHiPiNeoP0@557a1e2d]" started-at="2023-12-28T18:27:30Z" name="AppLaunch" finished-at="2023-12-28T18:27:39Z" duration-ms="9144" status="PASS">
          <reporter-output>
          </reporter-output>
        </test-method> <!-- AppLaunch -->
        <test-method signature="productTaggingP0(java.lang.String)[pri:26, instance:com.zee5.Android_HipiScripts.AndroidHiPiNeoP0@557a1e2d]" started-at="2023-12-28T18:27:39Z" name="productTaggingP0" finished-at="2023-12-28T18:30:49Z" duration-ms="190723" status="PASS">
          <params>
            <param index="0">
              <value>
                <![CDATA[NonSubscribedUser]]>
              </value>
            </param>
          </params>
          <reporter-output>
          </reporter-output>
        </test-method> <!-- productTaggingP0 -->
        <test-method is-config="true" signature="tearDownApp()[pri:0, instance:com.zee5.Android_HipiScripts.AndroidHiPiNeoP0@557a1e2d]" started-at="2023-12-28T18:30:49Z" name="tearDownApp" finished-at="2023-12-28T18:30:53Z" duration-ms="3180" status="PASS">
          <reporter-output>
          </reporter-output>
        </test-method> <!-- tearDownApp -->
      </class> <!-- com.zee5.Android_HipiScripts.AndroidHiPiNeoP0 -->
    </test> <!-- AndroidHiPiNeo -->
  </suite> <!-- HIPI -->
</testng-results>
