<?xml version="1.0" encoding="UTF-8"?>
<!-- Generated by org.testng.reporters.JUnitXMLReporter -->
<testsuite hostname="DESKTOP-077G3EM" failures="1" tests="1" name="AndroidHiPiNeo" time="155.923" errors="0" timestamp="6 Dec 2023 05:48:10 GMT">
  <testcase classname="com.zee5.Android_HipiScripts.AndroidHiPiNeoP0" name="CreatorModuleNew" time="134.241">
    <failure type="java.lang.StringIndexOutOfBoundsException" message="begin 25, end 27, length 0">
      <![CDATA[java.lang.StringIndexOutOfBoundsException: begin 25, end 27, length 0
	at java.base/java.lang.String.checkBoundsBeginEnd(String.java:4604)
	at java.base/java.lang.String.substring(String.java:2707)
	at com.business.zee.Zee5ApplicasterHipiNeoBusinessLogic.verifyVideoDurationSetCompleteRecording_T2506(Zee5ApplicasterHipiNeoBusinessLogic.java:54424)
	at com.zee5.Android_HipiScripts.AndroidHiPiNeoP0.CreatorModuleNew(AndroidHiPiNeoP0.java:843)
	at java.base/java.util.concurrent.FutureTask.run(FutureTask.java:264)
	at java.base/java.util.concurrent.ThreadPoolExecutor.runWorker(ThreadPoolExecutor.java:1136)
	at java.base/java.util.concurrent.ThreadPoolExecutor$Worker.run(ThreadPoolExecutor.java:635)
	at java.base/java.lang.Thread.run(Thread.java:833)
... Removed 16 stack frames]]>
    </failure>
  </testcase> <!-- CreatorModuleNew -->
</testsuite> <!-- AndroidHiPiNeo -->
